<?xml version="1.0" encoding="utf-8"?><testsuites><testsuite name="pytest" errors="0" failures="0" skipped="0" tests="9" time="0.231" timestamp="2023-09-13T05:16:22.128741" hostname="DESKTOP-RJIIA22"><testcase classname="tests.test_bytebank.TestClass" name="test_quando_nome_recebe_carlos_deve_retornar_carlos" time="0.003" /><testcase classname="tests.test_bytebank.TestClass" name="test_quando_salario_recebe_3139_deve_retornar_3139" time="0.001" /><testcase classname="tests.test_bytebank.TestClass" name="test_quando_data_de_nascimento_recebe_03_11_1985_deve_retornar_38" time="0.001" /><testcase classname="tests.test_bytebank.TestClass" name="test_sobrenome_conceicao_e_verificado_na_funcao_eh_socio_deve_retornar_true" time="0.003" /><testcase classname="tests.test_bytebank.TestClass" name="test_quando_sobrenome_recebe_carlos_conceicao_deve_retornar_conceicao" time="0.002" /><testcase classname="tests.test_bytebank.TestClass" name="test_quando_desconto_recebe_salario_deve_ser_descontado_10_por_cento" time="0.002" /><testcase classname="tests.test_bytebank.TestClass" name="test_quando_calcular_bonus_recebe_1000_deve_retornar_100" time="0.003" /><testcase classname="tests.test_bytebank.TestClass" name="test_quando_calcular_bonus_recebe_100000_deve_retornar_exception" time="0.003" /><testcase classname="tests.test_bytebank.TestClass" name="test_quando_vuncao__str__retorna_instancia_de_Funcionario" time="0.003" /></testsuite></testsuites>