<?xml version="1.0" encoding="UTF-8"?>
<robot generator="Robot 6.1.1 (Python 3.9.13 on win32)" generated="20240102 22:47:05.981" rpa="false" schemaversion="4">
<suite id="s1" name="Test Preenchimento Correto" source="C:\Users\carlo\Documents\GitHub\Python\Curso-Robot\organo\test_preenchimento_correto.robot">
<test id="s1-t1" name="Verificar se ao preencher os campos do formulário corretamente os dados são inceridos na lista e se um novo card é criado no time esperado" line="19">
<kw name="Dado que eu acesse o Organo">
<kw name="Open Browser" library="SeleniumLibrary">
<arg>url=http://localhost:3000/</arg>
<arg>browser=Chrome</arg>
<doc>Opens a new browser instance to the optional ``url``.</doc>
<msg timestamp="20240102 22:47:06.249" level="INFO">Opening browser 'Chrome' to base url 'http://localhost:3000/'.</msg>
<status status="PASS" starttime="20240102 22:47:06.249" endtime="20240102 22:47:10.637"/>
</kw>
<status status="PASS" starttime="20240102 22:47:06.248" endtime="20240102 22:47:10.637"/>
</kw>
<kw name="E preencha os campos do formulário">
<kw name="Input Text" library="SeleniumLibrary">
<arg>${CAMPO_NOME}</arg>
<arg>Carlos</arg>
<doc>Types the given ``text`` into the text field identified by ``locator``.</doc>
<msg timestamp="20240102 22:47:10.641" level="INFO">Typing text 'Carlos' into text field 'id:form-nome'.</msg>
<status status="PASS" starttime="20240102 22:47:10.640" endtime="20240102 22:47:10.930"/>
</kw>
<kw name="Input Text" library="SeleniumLibrary">
<arg>${CAMPO_CARGO}</arg>
<arg>Eqngenheiro de teste</arg>
<doc>Types the given ``text`` into the text field identified by ``locator``.</doc>
<msg timestamp="20240102 22:47:10.931" level="INFO">Typing text 'Eqngenheiro de teste' into text field 'id:form-cargo'.</msg>
<status status="PASS" starttime="20240102 22:47:10.930" endtime="20240102 22:47:11.112"/>
</kw>
<kw name="Input Text" library="SeleniumLibrary">
<arg>${CAMPO_IMAGEM}</arg>
<arg>https://picsum.photos/200/300</arg>
<doc>Types the given ``text`` into the text field identified by ``locator``.</doc>
<msg timestamp="20240102 22:47:11.114" level="INFO">Typing text 'https://picsum.photos/200/300' into text field 'id:form-imagem'.</msg>
<status status="PASS" starttime="20240102 22:47:11.112" endtime="20240102 22:47:11.356"/>
</kw>
<kw name="Click Element" library="SeleniumLibrary">
<arg>${CAMPO_TIME}</arg>
<doc>Click the element identified by ``locator``.</doc>
<msg timestamp="20240102 22:47:11.358" level="INFO">Clicking element 'class:lista-suspensa'.</msg>
<status status="PASS" starttime="20240102 22:47:11.357" endtime="20240102 22:47:11.485"/>
</kw>
<kw name="Click Element" library="SeleniumLibrary">
<arg>${PROGRAMACAO}</arg>
<doc>Click the element identified by ``locator``.</doc>
<msg timestamp="20240102 22:47:11.492" level="INFO">Clicking element '//option[contains(., 'Programação')]'.</msg>
<status status="PASS" starttime="20240102 22:47:11.486" endtime="20240102 22:47:11.587"/>
</kw>
<status status="PASS" starttime="20240102 22:47:10.640" endtime="20240102 22:47:11.587"/>
</kw>
<kw name="E clique no botão criar card">
<kw name="Click Element" library="SeleniumLibrary">
<arg>form-botao</arg>
<doc>Click the element identified by ``locator``.</doc>
<msg timestamp="20240102 22:47:11.589" level="INFO">Clicking element 'form-botao'.</msg>
<status status="PASS" starttime="20240102 22:47:11.589" endtime="20240102 22:47:11.709"/>
</kw>
<status status="PASS" starttime="20240102 22:47:11.588" endtime="20240102 22:47:11.709"/>
</kw>
<kw name="Então identificar o card no time esperado">
<kw name="Element Should Be Visible" library="SeleniumLibrary">
<arg>class:colaborador</arg>
<doc>Verifies that the element identified by ``locator`` is visible.</doc>
<msg timestamp="20240102 22:47:11.738" level="INFO">Element 'class:colaborador' is displayed.</msg>
<status status="PASS" starttime="20240102 22:47:11.710" endtime="20240102 22:47:11.738"/>
</kw>
<status status="PASS" starttime="20240102 22:47:11.710" endtime="20240102 22:47:11.738"/>
</kw>
<status status="PASS" starttime="20240102 22:47:06.248" endtime="20240102 22:47:11.738"/>
</test>
<status status="PASS" starttime="20240102 22:47:05.983" endtime="20240102 22:47:11.739"/>
</suite>
<statistics>
<total>
<stat pass="1" fail="0" skip="0">All Tests</stat>
</total>
<tag>
</tag>
<suite>
<stat pass="1" fail="0" skip="0" id="s1" name="Test Preenchimento Correto">Test Preenchimento Correto</stat>
</suite>
</statistics>
<errors>
</errors>
</robot>
